<?xml version="1.0" encoding="UTF-8"?>
<testng-results skipped="0" failed="0" ignored="0" total="1" passed="1">
  <reporter-output>
  </reporter-output>
  <suite name="Default suite" duration-ms="114004" started-at="2019-03-22T11:06:55Z" finished-at="2019-03-22T11:08:49Z">
    <groups>
    </groups>
    <test name="Default test" duration-ms="114004" started-at="2019-03-22T11:06:55Z" finished-at="2019-03-22T11:08:49Z">
      <class name="com.training.sanity.tests.RETC_057_AddProperty">
        <test-method status="PASS" signature="setUpBeforeClass()[pri:0, instance:com.training.sanity.tests.RETC_057_AddProperty@47c62251]" name="setUpBeforeClass" is-config="true" duration-ms="31" started-at="2019-03-22T11:06:55Z" finished-at="2019-03-22T11:06:55Z">
          <reporter-output>
          </reporter-output>
        </test-method> <!-- setUpBeforeClass -->
        <test-method status="PASS" signature="setUp()[pri:0, instance:com.training.sanity.tests.RETC_057_AddProperty@47c62251]" name="setUp" is-config="true" duration-ms="9257" started-at="2019-03-22T11:06:55Z" finished-at="2019-03-22T11:07:05Z">
          <reporter-output>
          </reporter-output>
        </test-method> <!-- setUp -->
        <test-method status="PASS" signature="addprop()[pri:0, instance:com.training.sanity.tests.RETC_057_AddProperty@47c62251]" name="addprop" duration-ms="73316" started-at="2019-03-22T11:07:05Z" finished-at="2019-03-22T11:08:18Z">
          <reporter-output>
          </reporter-output>
        </test-method> <!-- addprop -->
        <test-method status="PASS" signature="tearDown()[pri:0, instance:com.training.sanity.tests.RETC_057_AddProperty@47c62251]" name="tearDown" is-config="true" duration-ms="31354" started-at="2019-03-22T11:08:18Z" finished-at="2019-03-22T11:08:49Z">
          <reporter-output>
          </reporter-output>
        </test-method> <!-- tearDown -->
      </class> <!-- com.training.sanity.tests.RETC_057_AddProperty -->
    </test> <!-- Default test -->
  </suite> <!-- Default suite -->
</testng-results>
